{"/home/csbrandt/projects/craigslist-apa-parse/index.js":{"path":"/home/csbrandt/projects/craigslist-apa-parse/index.js","s":{"1":1,"2":1,"3":1,"4":1,"5":1,"6":1,"7":1,"8":1,"9":1,"10":1,"11":1,"12":100,"13":100,"14":100,"15":100,"16":100,"17":100,"18":100,"19":100,"20":100,"21":100,"22":100,"23":100,"24":100,"25":100,"26":100,"27":1,"28":0,"29":1,"30":1,"31":1,"32":1},"b":{"1":[99,1],"2":[100,4],"3":[96,4],"4":[100,96],"5":[90,10],"6":[100,90]},"f":{"1":1,"2":100,"3":0,"4":1},"fnMap":{"1":{"name":"(anonymous_1)","line":9,"loc":{"start":{"line":9,"column":15},"end":{"line":9,"column":33}}},"2":{"name":"(anonymous_2)","line":13,"loc":{"start":{"line":13,"column":29},"end":{"line":13,"column":41}}},"3":{"name":"(anonymous_3)","line":41,"loc":{"start":{"line":41,"column":26},"end":{"line":41,"column":43}}},"4":{"name":"(anonymous_4)","line":45,"loc":{"start":{"line":45,"column":24},"end":{"line":45,"column":36}}}},"statementMap":{"1":{"start":{"line":1,"column":0},"end":{"line":1,"column":39}},"2":{"start":{"line":2,"column":0},"end":{"line":2,"column":25}},"3":{"start":{"line":3,"column":0},"end":{"line":3,"column":32}},"4":{"start":{"line":4,"column":0},"end":{"line":4,"column":34}},"5":{"start":{"line":5,"column":0},"end":{"line":5,"column":46}},"6":{"start":{"line":6,"column":0},"end":{"line":6,"column":24}},"7":{"start":{"line":7,"column":0},"end":{"line":7,"column":21}},"8":{"start":{"line":9,"column":0},"end":{"line":51,"column":2}},"9":{"start":{"line":10,"column":3},"end":{"line":10,"column":18}},"10":{"start":{"line":11,"column":3},"end":{"line":11,"column":37}},"11":{"start":{"line":13,"column":3},"end":{"line":39,"column":6}},"12":{"start":{"line":14,"column":6},"end":{"line":14,"column":15}},"13":{"start":{"line":15,"column":6},"end":{"line":15,"column":17}},"14":{"start":{"line":16,"column":6},"end":{"line":16,"column":15}},"15":{"start":{"line":17,"column":6},"end":{"line":17,"column":19}},"16":{"start":{"line":18,"column":6},"end":{"line":18,"column":16}},"17":{"start":{"line":19,"column":6},"end":{"line":19,"column":18}},"18":{"start":{"line":21,"column":6},"end":{"line":38,"column":7}},"19":{"start":{"line":22,"column":9},"end":{"line":22,"column":43}},"20":{"start":{"line":23,"column":9},"end":{"line":23,"column":56}},"21":{"start":{"line":24,"column":9},"end":{"line":24,"column":103}},"22":{"start":{"line":25,"column":9},"end":{"line":25,"column":105}},"23":{"start":{"line":26,"column":9},"end":{"line":26,"column":105}},"24":{"start":{"line":27,"column":9},"end":{"line":27,"column":40}},"25":{"start":{"line":28,"column":9},"end":{"line":28,"column":72}},"26":{"start":{"line":30,"column":9},"end":{"line":37,"column":12}},"27":{"start":{"line":41,"column":3},"end":{"line":43,"column":6}},"28":{"start":{"line":42,"column":6},"end":{"line":42,"column":22}},"29":{"start":{"line":45,"column":3},"end":{"line":47,"column":6}},"30":{"start":{"line":46,"column":6},"end":{"line":46,"column":22}},"31":{"start":{"line":49,"column":3},"end":{"line":49,"column":25}},"32":{"start":{"line":50,"column":3},"end":{"line":50,"column":20}}},"branchMap":{"1":{"line":24,"type":"cond-expr","locations":[{"start":{"line":24,"column":42},"end":{"line":24,"column":90}},{"start":{"line":24,"column":93},"end":{"line":24,"column":102}}]},"2":{"line":25,"type":"binary-expr","locations":[{"start":{"line":25,"column":17},"end":{"line":25,"column":57}},{"start":{"line":25,"column":61},"end":{"line":25,"column":104}}]},"3":{"line":26,"type":"cond-expr","locations":[{"start":{"line":26,"column":43},"end":{"line":26,"column":92}},{"start":{"line":26,"column":95},"end":{"line":26,"column":104}}]},"4":{"line":26,"type":"binary-expr","locations":[{"start":{"line":26,"column":18},"end":{"line":26,"column":23}},{"start":{"line":26,"column":27},"end":{"line":26,"column":39}}]},"5":{"line":28,"type":"cond-expr","locations":[{"start":{"line":28,"column":49},"end":{"line":28,"column":59}},{"start":{"line":28,"column":62},"end":{"line":28,"column":71}}]},"6":{"line":28,"type":"binary-expr","locations":[{"start":{"line":28,"column":20},"end":{"line":28,"column":27}},{"start":{"line":28,"column":31},"end":{"line":28,"column":45}}]}}}}