TN:
SF:/home/csbrandt/projects/craigslist-apa-parse/index.js
FN:8,(anonymous_1)
FN:12,(anonymous_2)
FN:39,(anonymous_3)
FN:43,(anonymous_4)
FNF:4
FNH:3
FNDA:1,(anonymous_1)
FNDA:100,(anonymous_2)
FNDA:0,(anonymous_3)
FNDA:1,(anonymous_4)
DA:1,1
DA:2,1
DA:3,1
DA:4,1
DA:5,1
DA:6,1
DA:8,1
DA:9,1
DA:10,1
DA:12,1
DA:13,100
DA:14,100
DA:15,100
DA:16,100
DA:17,100
DA:18,100
DA:20,100
DA:21,100
DA:22,100
DA:23,100
DA:24,100
DA:25,100
DA:26,100
DA:27,100
DA:29,100
DA:39,1
DA:40,0
DA:43,1
DA:44,1
DA:47,1
DA:48,1
LF:31
LH:30
BRDA:23,1,0,99
BRDA:23,1,1,1
BRDA:25,2,0,96
BRDA:25,2,1,4
BRDA:27,3,0,90
BRDA:27,3,1,10
BRF:6
BRH:6
end_of_record
