TN:
SF:/home/csbrandt/projects/craigslist-apa-parse/index.js
FN:10,(anonymous_1)
FN:14,(anonymous_2)
FN:45,(anonymous_3)
FN:49,(anonymous_4)
FNF:4
FNH:3
FNDA:1,(anonymous_1)
FNDA:100,(anonymous_2)
FNDA:0,(anonymous_3)
FNDA:1,(anonymous_4)
DA:1,1
DA:2,1
DA:3,1
DA:4,1
DA:5,1
DA:6,1
DA:7,1
DA:8,1
DA:10,1
DA:11,1
DA:12,1
DA:14,1
DA:15,100
DA:16,100
DA:17,100
DA:18,100
DA:19,100
DA:20,100
DA:22,100
DA:23,100
DA:24,100
DA:25,100
DA:29,100
DA:30,100
DA:31,100
DA:32,100
DA:34,100
DA:45,1
DA:46,0
DA:49,1
DA:50,1
DA:53,1
DA:54,1
LF:33
LH:32
BRDA:25,1,0,99
BRDA:25,1,1,1
BRDA:29,2,0,100
BRDA:29,2,1,4
BRDA:30,3,0,96
BRDA:30,3,1,4
BRDA:30,4,0,100
BRDA:30,4,1,96
BRDA:32,5,0,90
BRDA:32,5,1,10
BRDA:32,6,0,100
BRDA:32,6,1,90
BRF:12
BRH:12
end_of_record
